<?xml version="1.0" encoding="UTF-8"?>
<!-- Generated by org.testng.reporters.JUnitXMLReporter -->
<testsuite hostname="IMCOBCP97-MSL1" ignored="2" name="Test" tests="2" failures="0" timestamp="31 Dec 2020 11:52:22 GMT" time="0.039" errors="0">
  <testcase name="test2" time="0.01" classname="testCases.TestNGGroupDemo"/>
  <testcase name="test3" time="0.001" classname="testCases.TestNGGroupDemo"/>
  <testcase name="test1" time="0.0" classname="testCases.TestNGGroupDemo">
    <ignored/>
  </testcase> <!-- test1 -->
  <testcase name="test4" time="0.0" classname="testCases.TestNGGroupDemo">
    <ignored/>
  </testcase> <!-- test4 -->
</testsuite> <!-- Test -->
